[debug] [2022-04-25T18:50:20.210Z] ----------------------------------------------------------------------
[debug] [2022-04-25T18:50:20.212Z] Command:       C:\Program Files\nodejs\node.exe C:\Users\USER\AppData\Roaming\npm\node_modules\firebase-tools\lib\bin\firebase.js deploy
[debug] [2022-04-25T18:50:20.213Z] CLI Version:   10.7.1
[debug] [2022-04-25T18:50:20.213Z] Platform:      win32
[debug] [2022-04-25T18:50:20.213Z] Node Version:  v16.13.1
[debug] [2022-04-25T18:50:20.218Z] Time:          Tue Apr 26 2022 00:50:20 GMT+0600 (Bangladesh Standard Time)
[debug] [2022-04-25T18:50:20.218Z] ----------------------------------------------------------------------
[debug] 
[debug] [2022-04-25T18:50:20.292Z] > command requires scopes: ["email","openid","https://www.googleapis.com/auth/cloudplatformprojects.readonly","https://www.googleapis.com/auth/firebase","https://www.googleapis.com/auth/cloud-platform"]
[debug] [2022-04-25T18:50:20.292Z] > authorizing via signed-in user (freelancerimran81@gmail.com)
[debug] [2022-04-25T18:50:20.292Z] [iam] checking project genius-car-services-c6aa8 for permissions ["firebase.projects.get","firebasehosting.sites.update"]
[debug] [2022-04-25T18:50:20.293Z] > refreshing access token with scopes: []
[debug] [2022-04-25T18:50:20.294Z] >>> HTTP REQUEST POST https://www.googleapis.com/oauth2/v3/token  
 <request body omitted>
[debug] [2022-04-25T18:50:20.650Z] <<< HTTP RESPONSE 200 {"expires":"Mon, 01 Jan 1990 00:00:00 GMT","pragma":"no-cache","date":"Mon, 25 Apr 2022 18:50:20 GMT","cache-control":"no-cache, no-store, max-age=0, must-revalidate","content-type":"application/json; charset=utf-8","vary":"X-Origin, Referer, Origin,Accept-Encoding","server":"scaffolding on HTTPServer2","x-xss-protection":"0","x-frame-options":"SAMEORIGIN","x-content-type-options":"nosniff","alt-svc":"h3=\":443\"; ma=2592000,h3-29=\":443\"; ma=2592000,h3-Q050=\":443\"; ma=2592000,h3-Q046=\":443\"; ma=2592000,h3-Q043=\":443\"; ma=2592000,quic=\":443\"; ma=2592000; v=\"46,43\"","accept-ranges":"none","transfer-encoding":"chunked"}
[debug] [2022-04-25T18:50:20.659Z] >>> [apiv2][query] POST https://cloudresourcemanager.googleapis.com/v1/projects/genius-car-services-c6aa8:testIamPermissions [none]
[debug] [2022-04-25T18:50:20.660Z] >>> [apiv2][body] POST https://cloudresourcemanager.googleapis.com/v1/projects/genius-car-services-c6aa8:testIamPermissions {"permissions":["firebase.projects.get","firebasehosting.sites.update"]}
[debug] [2022-04-25T18:50:22.380Z] <<< [apiv2][status] POST https://cloudresourcemanager.googleapis.com/v1/projects/genius-car-services-c6aa8:testIamPermissions 200
[debug] [2022-04-25T18:50:22.380Z] <<< [apiv2][body] POST https://cloudresourcemanager.googleapis.com/v1/projects/genius-car-services-c6aa8:testIamPermissions {"permissions":["firebase.projects.get","firebasehosting.sites.update"]}
[debug] [2022-04-25T18:50:22.381Z] >>> [apiv2][query] GET https://firebase.googleapis.com/v1beta1/projects/genius-car-services-c6aa8 [none]
[debug] [2022-04-25T18:50:52.393Z] Timeout reached making request to https://firebase.googleapis.com/v1beta1/projects/genius-car-services-c6aa8
[debug] [2022-04-25T18:50:52.763Z] FirebaseError: Timeout reached making request to https://firebase.googleapis.com/v1beta1/projects/genius-car-services-c6aa8
    at RetryOperation._fn (C:\Users\USER\AppData\Roaming\npm\node_modules\firebase-tools\lib\apiv2.js:236:35)
    at processTicksAndRejections (node:internal/process/task_queues:96:5)
[error] 
[error] Error: Failed to get Firebase project genius-car-services-c6aa8. Please make sure the project exists and your account has permission to access it.
